app/build/intermediates/manifest_merge_blame_file/debug/manifest-merger-blame-debug-report.txt
1<?xml version="1.0" encoding="utf-8"?>
2<manifest xmlns:android="http://schemas.android.com/apk/res/android"
3    package="com.example.kitchencompanion"
4    android:versionCode="1"
5    android:versionName="1.0" >
6
7    <uses-sdk
8        android:minSdkVersion="26"
8-->src\main\AndroidManifest.xml
9        android:targetSdkVersion="31" />
9-->src\main\AndroidManifest.xml
10
11    <uses-permission android:name="android.permission.INTERNET" />
11-->src\main\AndroidManifest.xml:5:5-67
11-->src\main\AndroidManifest.xml:5:22-64
12    <uses-permission android:name="android.permission.ACCESS_NETWORK_STATE" />
12-->[com.pierfrancescosoffritti.androidyoutubeplayer:core:11.0.1] AndroidManifest.xml:10:5-79
12-->[com.pierfrancescosoffritti.androidyoutubeplayer:core:11.0.1] AndroidManifest.xml:10:22-76
13
14    <application
14-->src\main\AndroidManifest.xml:6:5-26:19
15        android:allowBackup="true"
15-->src\main\AndroidManifest.xml:7:9-35
16        android:appComponentFactory="androidx.core.app.CoreComponentFactory"
16-->[androidx.core:core:1.7.0] AndroidManifest.xml:24:18-86
17        android:debuggable="true"
18        android:extractNativeLibs="false"
19        android:icon="@mipmap/ic_launcher"
19-->src\main\AndroidManifest.xml:8:9-43
20        android:label="@string/app_name"
20-->src\main\AndroidManifest.xml:9:9-41
21        android:roundIcon="@mipmap/ic_launcher_round"
21-->src\main\AndroidManifest.xml:10:9-54
22        android:supportsRtl="true"
22-->src\main\AndroidManifest.xml:11:9-35
23        android:testOnly="true"
24        android:theme="@style/Theme.Dark" >
24-->src\main\AndroidManifest.xml:12:9-42
25        <activity
25-->src\main\AndroidManifest.xml:13:9-21:20
26            android:name="com.example.kitchencompanion.MainActivity"
26-->src\main\AndroidManifest.xml:14:13-69
27            android:exported="true" >
27-->src\main\AndroidManifest.xml:15:13-36
28            <intent-filter>
28-->src\main\AndroidManifest.xml:16:13-20:29
29                <action android:name="android.intent.action.MAIN" />
29-->src\main\AndroidManifest.xml:17:17-69
29-->src\main\AndroidManifest.xml:17:25-66
30
31                <category android:name="android.intent.category.LAUNCHER" />
31-->src\main\AndroidManifest.xml:19:17-77
31-->src\main\AndroidManifest.xml:19:27-74
32            </intent-filter>
33        </activity>
34        <activity
34-->src\main\AndroidManifest.xml:22:9-25:20
35            android:name="com.example.kitchencompanion.SettingsActivity"
35-->src\main\AndroidManifest.xml:23:13-73
36            android:windowSoftInputMode="adjustPan" >
36-->src\main\AndroidManifest.xml:24:13-52
37        </activity>
38
39        <service
39-->[com.google.firebase:firebase-firestore:24.0.2] AndroidManifest.xml:17:9-23:19
40            android:name="com.google.firebase.components.ComponentDiscoveryService"
40-->[com.google.firebase:firebase-firestore:24.0.2] AndroidManifest.xml:18:13-84
41            android:directBootAware="true"
41-->[com.google.firebase:firebase-common:20.1.0] AndroidManifest.xml:35:13-43
42            android:exported="false" >
42-->[com.google.firebase:firebase-firestore:24.0.2] AndroidManifest.xml:19:13-37
43            <meta-data
43-->[com.google.firebase:firebase-firestore:24.0.2] AndroidManifest.xml:20:13-22:85
44                android:name="com.google.firebase.components:com.google.firebase.firestore.FirestoreRegistrar"
44-->[com.google.firebase:firebase-firestore:24.0.2] AndroidManifest.xml:21:17-111
45                android:value="com.google.firebase.components.ComponentRegistrar" />
45-->[com.google.firebase:firebase-firestore:24.0.2] AndroidManifest.xml:22:17-82
46        </service>
47        <service
47-->[androidx.room:room-runtime:2.2.5] AndroidManifest.xml:25:9-28:40
48            android:name="androidx.room.MultiInstanceInvalidationService"
48-->[androidx.room:room-runtime:2.2.5] AndroidManifest.xml:26:13-74
49            android:directBootAware="true"
49-->[androidx.room:room-runtime:2.2.5] AndroidManifest.xml:27:13-43
50            android:exported="false" />
50-->[androidx.room:room-runtime:2.2.5] AndroidManifest.xml:28:13-37
51
52        <provider
52-->[com.google.firebase:firebase-common:20.1.0] AndroidManifest.xml:26:9-31:39
53            android:name="com.google.firebase.provider.FirebaseInitProvider"
53-->[com.google.firebase:firebase-common:20.1.0] AndroidManifest.xml:27:13-77
54            android:authorities="com.example.kitchencompanion.firebaseinitprovider"
54-->[com.google.firebase:firebase-common:20.1.0] AndroidManifest.xml:28:13-72
55            android:directBootAware="true"
55-->[com.google.firebase:firebase-common:20.1.0] AndroidManifest.xml:29:13-43
56            android:exported="false"
56-->[com.google.firebase:firebase-common:20.1.0] AndroidManifest.xml:30:13-37
57            android:initOrder="100" />
57-->[com.google.firebase:firebase-common:20.1.0] AndroidManifest.xml:31:13-36
58
59        <activity
59-->[com.google.android.gms:play-services-base:18.0.1] AndroidManifest.xml:20:9-22:45
60            android:name="com.google.android.gms.common.api.GoogleApiActivity"
60-->[com.google.android.gms:play-services-base:18.0.1] AndroidManifest.xml:20:19-85
61            android:exported="false"
61-->[com.google.android.gms:play-services-base:18.0.1] AndroidManifest.xml:22:19-43
62            android:theme="@android:style/Theme.Translucent.NoTitleBar" />
62-->[com.google.android.gms:play-services-base:18.0.1] AndroidManifest.xml:21:19-78
63
64        <meta-data
64-->[com.google.android.gms:play-services-basement:18.0.0] AndroidManifest.xml:21:9-23:69
65            android:name="com.google.android.gms.version"
65-->[com.google.android.gms:play-services-basement:18.0.0] AndroidManifest.xml:22:13-58
66            android:value="@integer/google_play_services_version" />
66-->[com.google.android.gms:play-services-basement:18.0.0] AndroidManifest.xml:23:13-66
67
68        <provider
68-->[androidx.emoji2:emoji2:1.0.0] AndroidManifest.xml:26:9-34:20
69            android:name="androidx.startup.InitializationProvider"
69-->[androidx.emoji2:emoji2:1.0.0] AndroidManifest.xml:27:13-67
70            android:authorities="com.example.kitchencompanion.androidx-startup"
70-->[androidx.emoji2:emoji2:1.0.0] AndroidManifest.xml:28:13-68
71            android:exported="false" >
71-->[androidx.emoji2:emoji2:1.0.0] AndroidManifest.xml:29:13-37
72            <meta-data
72-->[androidx.emoji2:emoji2:1.0.0] AndroidManifest.xml:31:13-33:52
73                android:name="androidx.emoji2.text.EmojiCompatInitializer"
73-->[androidx.emoji2:emoji2:1.0.0] AndroidManifest.xml:32:17-75
74                android:value="androidx.startup" />
74-->[androidx.emoji2:emoji2:1.0.0] AndroidManifest.xml:33:17-49
75            <meta-data
75-->[androidx.lifecycle:lifecycle-process:2.4.0] AndroidManifest.xml:31:13-33:52
76                android:name="androidx.lifecycle.ProcessLifecycleInitializer"
76-->[androidx.lifecycle:lifecycle-process:2.4.0] AndroidManifest.xml:32:17-78
77                android:value="androidx.startup" />
77-->[androidx.lifecycle:lifecycle-process:2.4.0] AndroidManifest.xml:33:17-49
78        </provider>
79    </application>
80
81</manifest>